#
# There is insufficient memory for the Java Runtime Environment to continue.
# Native memory allocation (mmap) failed to map 100663296 bytes for G1 virtual space
# Possible reasons:
#   The system is out of physical RAM or swap space
#   The process is running with CompressedOops enabled, and the Java Heap may be blocking the growth of the native heap
# Possible solutions:
#   Reduce memory load on the system
#   Increase physical memory or swap space
#   Check if swap backing store is full
#   Decrease Java heap size (-Xmx/-Xms)
#   Decrease number of Java threads
#   Decrease Java thread stack sizes (-Xss)
#   Set larger code cache with -XX:ReservedCodeCacheSize=
#   JVM is running with Unscaled Compressed Oops mode in which the Java heap is
#     placed in the first 4GB address space. The Java Heap base address is the
#     maximum limit for the native heap growth. Please use -XX:HeapBaseMinAddress
#     to set the Java Heap base and to place the Java Heap above 4GB virtual address.
# This output file may be truncated or incomplete.
#
#  Out of Memory Error (os_windows.cpp:3559), pid=18216, tid=10456
#
# JRE version:  (17.0.7+7) (build )
# Java VM: OpenJDK 64-Bit Server VM (17.0.7+7, mixed mode, sharing, tiered, compressed oops, compressed class ptrs, g1 gc, windows-amd64)
# No core dump will be written. Minidumps are not enabled by default on client versions of Windows
#

---------------  S U M M A R Y ------------

Command Line: -Dfile.encoding=UTF-8 -XX:+ShowCodeDetailsInExceptionMessages com.jdbc.jdbcApplication

Host: AMD Ryzen 3 3300U with Radeon Vega Mobile Gfx  , 4 cores, 5G,  Windows 10 , 64 bit Build 19041 (10.0.19041.3636)
Time: Tue Feb 20 16:54:01 2024 India Standard Time elapsed time: 0.047312 seconds (0d 0h 0m 0s)

---------------  T H R E A D  ---------------

Current thread (0x000001b218524410):  JavaThread "Unknown thread" [_thread_in_vm, id=10456, stack(0x0000008eb3900000,0x0000008eb3a00000)]

Stack: [0x0000008eb3900000,0x0000008eb3a00000]
Native frames: (J=compiled Java code, j=interpreted, Vv=VM code, C=native code)
V  [jvm.dll+0x67754a]
V  [jvm.dll+0x834304]
V  [jvm.dll+0x835aae]
V  [jvm.dll+0x836113]
V  [jvm.dll+0x24696f]
V  [jvm.dll+0x6743f9]
V  [jvm.dll+0x668c8a]
V  [jvm.dll+0x3061bb]
V  [jvm.dll+0x30d6a6]
V  [jvm.dll+0x35cece]
V  [jvm.dll+0x35d0ff]
V  [jvm.dll+0x2dd048]
V  [jvm.dll+0x2ddfb4]
V  [jvm.dll+0x8066d1]
V  [jvm.dll+0x36ac91]
V  [jvm.dll+0x7e5cec]
V  [jvm.dll+0x3ed56f]
V  [jvm.dll+0x3ef0a1]
C  [jli.dll+0x528b]
C  [ucrtbase.dll+0x21bb2]
C  [KERNEL32.DLL+0x17344]
C  [ntdll.dll+0x526b1]


---------------  P R O C E S S  ---------------

Threads class SMR info:
_java_thread_list=0x00007ff89d8f7018, length=0, elements={
}

Java Threads: ( => current thread )

Other Threads:
  0x000001b218570830 GCTaskThread "GC Thread#0" [stack: 0x0000008eb3a00000,0x0000008eb3b00000] [id=24108]
  0x000001b21857d4f0 ConcurrentGCThread "G1 Main Marker" [stack: 0x0000008eb3b00000,0x0000008eb3c00000] [id=17084]
  0x000001b21857df00 ConcurrentGCThread "G1 Conc#0" [stack: 0x0000008eb3c00000,0x0000008eb3d00000] [id=23708]

[error occurred during error reporting (printing all threads), id 0xc0000005, EXCEPTION_ACCESS_VIOLATION (0xc0000005) at pc=0x00007ff89d0cdaf7]

VM state: not at safepoint (not fully initialized)

VM Mutex/Monitor currently owned by a thread:  ([mutex/lock_event])
[0x000001b21851e6b0] Heap_lock - owner thread: 0x000001b218524410

Heap address: 0x00000000a1400000, size: 1516 MB, Compressed Oops mode: 32-bit

CDS archive(s) mapped at: [0x0000000000000000-0x0000000000000000-0x0000000000000000), size 0, SharedBaseAddress: 0x0000000800000000, ArchiveRelocationMode: 0.
Narrow klass base: 0x0000000000000000, Narrow klass shift: 0, Narrow klass range: 0x0

GC Precious Log:
<Empty>

Heap:
 garbage-first heap   total 0K, used 0K [0x00000000a1400000, 0x0000000100000000)
  region size 1024K, 0 young (0K), 0 survivors (0K)

[error occurred during error reporting (printing heap information), id 0xc0000005, EXCEPTION_ACCESS_VIOLATION (0xc0000005) at pc=0x00007ff89d4b0db9]

GC Heap History (0 events):
No events

Dll operation events (1 events):
Event: 0.025 Loaded shared library C:\Users\a_dineshsankar\Downloads\sts-4.19.0.RELEASE\plugins\org.eclipse.justj.openjdk.hotspot.jre.full.win32.x86_64_17.0.7.v20230425-1502\jre\bin\java.dll

Deoptimization events (0 events):
No events

Classes unloaded (0 events):
No events

Classes redefined (0 events):
No events

Internal exceptions (0 events):
No events

VM Operations (0 events):
No events

Events (0 events):
No events


Dynamic libraries:
0x00007ff745b90000 - 0x00007ff745b9e000 	C:\Users\a_dineshsankar\Downloads\sts-4.19.0.RELEASE\plugins\org.eclipse.justj.openjdk.hotspot.jre.full.win32.x86_64_17.0.7.v20230425-1502\jre\bin\javaw.exe
0x00007ff911c50000 - 0x00007ff911e48000 	C:\Windows\SYSTEM32\ntdll.dll
0x00007ff910610000 - 0x00007ff9106cd000 	C:\Windows\System32\KERNEL32.DLL
0x00007ff90f850000 - 0x00007ff90fb46000 	C:\Windows\System32\KERNELBASE.dll
0x00007ff90fb50000 - 0x00007ff90fc50000 	C:\Windows\System32\ucrtbase.dll
0x00007ff8e0110000 - 0x00007ff8e0127000 	C:\Users\a_dineshsankar\Downloads\sts-4.19.0.RELEASE\plugins\org.eclipse.justj.openjdk.hotspot.jre.full.win32.x86_64_17.0.7.v20230425-1502\jre\bin\jli.dll
0x00007ff8df850000 - 0x00007ff8df869000 	C:\Users\a_dineshsankar\Downloads\sts-4.19.0.RELEASE\plugins\org.eclipse.justj.openjdk.hotspot.jre.full.win32.x86_64_17.0.7.v20230425-1502\jre\bin\VCRUNTIME140.dll
0x00007ff910c90000 - 0x00007ff910e2e000 	C:\Windows\System32\USER32.dll
0x00007ff90f320000 - 0x00007ff90f342000 	C:\Windows\System32\win32u.dll
0x00007ff9109f0000 - 0x00007ff910a1c000 	C:\Windows\System32\GDI32.dll
0x00007ff90f4b0000 - 0x00007ff90f5ca000 	C:\Windows\System32\gdi32full.dll
0x00007ff90f600000 - 0x00007ff90f69d000 	C:\Windows\System32\msvcp_win.dll
0x00007ff90d700000 - 0x00007ff90d99a000 	C:\Windows\WinSxS\amd64_microsoft.windows.common-controls_6595b64144ccf1df_6.0.19041.3636_none_60b6a03d71f818d5\COMCTL32.dll
0x00007ff910e30000 - 0x00007ff910ece000 	C:\Windows\System32\msvcrt.dll
0x00007ff9105e0000 - 0x00007ff910610000 	C:\Windows\System32\IMM32.DLL
0x000001b216240000 - 0x000001b216254000 	C:\Windows\System32\umppc17806.dll
0x0000000068000000 - 0x0000000068073000 	C:\Windows\System32\QIPCAP64.dll
0x00007ff911a60000 - 0x00007ff911b13000 	C:\Windows\System32\ADVAPI32.dll
0x00007ff910be0000 - 0x00007ff910c7f000 	C:\Windows\System32\sechost.dll
0x00007ff9107f0000 - 0x00007ff910916000 	C:\Windows\System32\RPCRT4.dll
0x00007ff90f5d0000 - 0x00007ff90f5f7000 	C:\Windows\System32\bcrypt.dll
0x00007ff910fb0000 - 0x00007ff9116f5000 	C:\Windows\System32\SHELL32.dll
0x00007ff90e710000 - 0x00007ff90e7da000 	C:\Windows\SYSTEM32\DNSAPI.dll
0x00007ff90e6d0000 - 0x00007ff90e70b000 	C:\Windows\SYSTEM32\IPHLPAPI.DLL
0x00007ff910c80000 - 0x00007ff910c88000 	C:\Windows\System32\NSI.dll
0x00007ff908f90000 - 0x00007ff908f9c000 	C:\Users\a_dineshsankar\Downloads\sts-4.19.0.RELEASE\plugins\org.eclipse.justj.openjdk.hotspot.jre.full.win32.x86_64_17.0.7.v20230425-1502\jre\bin\vcruntime140_1.dll
0x00007ff8cffb0000 - 0x00007ff8d0041000 	C:\Users\a_dineshsankar\Downloads\sts-4.19.0.RELEASE\plugins\org.eclipse.justj.openjdk.hotspot.jre.full.win32.x86_64_17.0.7.v20230425-1502\jre\bin\msvcp140.dll
0x00007ff89cde0000 - 0x00007ff89da28000 	C:\Users\a_dineshsankar\Downloads\sts-4.19.0.RELEASE\plugins\org.eclipse.justj.openjdk.hotspot.jre.full.win32.x86_64_17.0.7.v20230425-1502\jre\bin\server\jvm.dll
0x00007ff8e96e0000 - 0x00007ff8e96e9000 	C:\Windows\SYSTEM32\WSOCK32.dll
0x00007ff910570000 - 0x00007ff9105db000 	C:\Windows\System32\WS2_32.dll
0x00007ff906090000 - 0x00007ff9060b7000 	C:\Windows\SYSTEM32\WINMM.dll
0x00007ff90e0a0000 - 0x00007ff90e0aa000 	C:\Windows\SYSTEM32\VERSION.dll
0x00007ff90e050000 - 0x00007ff90e062000 	C:\Windows\SYSTEM32\kernel.appcore.dll
0x00007ff90bb50000 - 0x00007ff90bb5a000 	C:\Users\a_dineshsankar\Downloads\sts-4.19.0.RELEASE\plugins\org.eclipse.justj.openjdk.hotspot.jre.full.win32.x86_64_17.0.7.v20230425-1502\jre\bin\jimage.dll
0x00007ff8f2370000 - 0x00007ff8f2554000 	C:\Windows\SYSTEM32\DBGHELP.DLL
0x00007ff8f2330000 - 0x00007ff8f2364000 	C:\Windows\SYSTEM32\dbgcore.DLL
0x000001b217b60000 - 0x000001b217be2000 	C:\Windows\System32\bcryptPrimitives.dll
0x00007ff8f9cf0000 - 0x00007ff8f9d15000 	C:\Users\a_dineshsankar\Downloads\sts-4.19.0.RELEASE\plugins\org.eclipse.justj.openjdk.hotspot.jre.full.win32.x86_64_17.0.7.v20230425-1502\jre\bin\java.dll

dbghelp: loaded successfully - version: 4.0.5 - missing functions: none
symbol engine: initialized successfully - sym options: 0x614 - pdb path: .;C:\Users\a_dineshsankar\Downloads\sts-4.19.0.RELEASE\plugins\org.eclipse.justj.openjdk.hotspot.jre.full.win32.x86_64_17.0.7.v20230425-1502\jre\bin;C:\Windows\SYSTEM32;C:\Windows\WinSxS\amd64_microsoft.windows.common-controls_6595b64144ccf1df_6.0.19041.3636_none_60b6a03d71f818d5;C:\Users\a_dineshsankar\Downloads\sts-4.19.0.RELEASE\plugins\org.eclipse.justj.openjdk.hotspot.jre.full.win32.x86_64_17.0.7.v20230425-1502\jre\bin\server

VM Arguments:
jvm_args: -Dfile.encoding=UTF-8 -XX:+ShowCodeDetailsInExceptionMessages 
java_command: com.jdbc.jdbcApplication
java_class_path (initial): C:\Users\a_dineshsankar\Downloads\getDataWithJdbc\getDataWithJdbc\target\classes;C:\Users\a_dineshsankar\.m2\repository\org\springframework\boot\spring-boot-starter-web\2.7.7\spring-boot-starter-web-2.7.7.jar;C:\Users\a_dineshsankar\.m2\repository\org\springframework\boot\spring-boot-starter\2.7.7\spring-boot-starter-2.7.7.jar;C:\Users\a_dineshsankar\.m2\repository\org\springframework\boot\spring-boot\2.7.7\spring-boot-2.7.7.jar;C:\Users\a_dineshsankar\.m2\repository\org\springframework\boot\spring-boot-autoconfigure\2.7.7\spring-boot-autoconfigure-2.7.7.jar;C:\Users\a_dineshsankar\.m2\repository\org\springframework\boot\spring-boot-starter-logging\2.7.7\spring-boot-starter-logging-2.7.7.jar;C:\Users\a_dineshsankar\.m2\repository\ch\qos\logback\logback-classic\1.2.11\logback-classic-1.2.11.jar;C:\Users\a_dineshsankar\.m2\repository\ch\qos\logback\logback-core\1.2.11\logback-core-1.2.11.jar;C:\Users\a_dineshsankar\.m2\repository\org\apache\logging\log4j\log4j-to-slf4j\2.17.2\log4j-to-slf4j-2.17.2.jar;C:\Users\a_dineshsankar\.m2\repository\org\apache\logging\log4j\log4j-api\2.17.2\log4j-api-2.17.2.jar;C:\Users\a_dineshsankar\.m2\repository\org\slf4j\jul-to-slf4j\1.7.36\jul-to-slf4j-1.7.36.jar;C:\Users\a_dineshsankar\.m2\repository\jakarta\annotation\jakarta.annotation-api\1.3.5\jakarta.annotation-api-1.3.5.jar;C:\Users\a_dineshsankar\.m2\repository\org\yaml\snakeyaml\1.30\snakeyaml-1.30.jar;C:\Users\a_dineshsankar\.m2\repository\org\springframework\boot\spring-boot-starter-json\2.7.7\spring-boot-starter-json-2.7.7.jar;C:\Users\a_dineshsankar\.m2\repository\com\fasterxml\jackson\core\jackson-databind\2.13.4.2\jackson-databind-2.13.4.2.jar;C:\Users\a_dineshsankar\.m2\repository\com\fasterxml\jackson\core\jackson-annotations\2.13.4\jackson-annotations-2.13.4.jar;C:\Users\a_dineshsankar\.m2\repository\com\fasterxml\jackson\core\jackson-core\2.13.4\jackson-core-2.13.4.jar;C:\Users\a_dineshsankar\.m2\repository\com\fasterxml\jackson\datatype\jac
Launcher Type: SUN_STANDARD

[Global flags]
     intx CICompilerCount                          = 3                                         {product} {ergonomic}
     uint ConcGCThreads                            = 1                                         {product} {ergonomic}
     uint G1ConcRefinementThreads                  = 4                                         {product} {ergonomic}
   size_t G1HeapRegionSize                         = 1048576                                   {product} {ergonomic}
    uintx GCDrainStackTargetSize                   = 64                                        {product} {ergonomic}
   size_t InitialHeapSize                          = 100663296                                 {product} {ergonomic}
   size_t MarkStackSize                            = 4194304                                   {product} {ergonomic}
   size_t MaxHeapSize                              = 1589641216                                {product} {ergonomic}
   size_t MinHeapDeltaBytes                        = 1048576                                   {product} {ergonomic}
   size_t MinHeapSize                              = 8388608                                   {product} {ergonomic}
    uintx NonNMethodCodeHeapSize                   = 5832780                                {pd product} {ergonomic}
    uintx NonProfiledCodeHeapSize                  = 122912730                              {pd product} {ergonomic}
    uintx ProfiledCodeHeapSize                     = 122912730                              {pd product} {ergonomic}
    uintx ReservedCodeCacheSize                    = 251658240                              {pd product} {ergonomic}
     bool SegmentedCodeCache                       = true                                      {product} {ergonomic}
     bool ShowCodeDetailsInExceptionMessages       = true                                   {manageable} {command line}
   size_t SoftMaxHeapSize                          = 1589641216                             {manageable} {ergonomic}
     bool UseCompressedClassPointers               = true                           {product lp64_product} {ergonomic}
     bool UseCompressedOops                        = true                           {product lp64_product} {ergonomic}
     bool UseG1GC                                  = true                                      {product} {ergonomic}
     bool UseLargePagesIndividualAllocation        = false                                  {pd product} {ergonomic}

Logging:
Log output configuration:
 #0: stdout all=warning uptime,level,tags
 #1: stderr all=off uptime,level,tags

Environment Variables:
JAVA_HOME=C:\Program Files\Java\jdk1.8.0_181
PATH=C:/Users/a_dineshsankar/Downloads/sts-4.19.0.RELEASE//plugins/org.eclipse.justj.openjdk.hotspot.jre.full.win32.x86_64_17.0.7.v20230425-1502/jre/bin/server;C:/Users/a_dineshsankar/Downloads/sts-4.19.0.RELEASE//plugins/org.eclipse.justj.openjdk.hotspot.jre.full.win32.x86_64_17.0.7.v20230425-1502/jre/bin;C:\Program Files (x86)\Common Files\Oracle\Java\javapath;C:\Program Files\Common Files\Oracle\Java\javapath;C:\Windows\system32;C:\Windows;C:\Windows\System32\Wbem;C:\Windows\System32\WindowsPowerShell\v1.0\;C:\Windows\System32\OpenSSH\;C:\Program Files\PuTTY\;C:\Program Files (x86)\Microsoft SQL Server\Client SDK\ODBC\110\Tools\Binn\;C:\Program Files (x86)\Microsoft SQL Server\120\Tools\Binn\ManagementStudio\;C:\Program Files (x86)\Microsoft SQL Server\120\Tools\Binn\;C:\Program Files (x86)\Microsoft SQL Server\120\DTS\Binn\;C:\Program Files\dotnet\;C:\Program Files\nodejs\;C:\Users\a_dineshsankar\AppData\Local\Microsoft\WindowsApps;C:\Users\a_dineshsankar\AppData\Roaming\npm;C:\Users\a_dineshsankar\AppData\Roaming\npm\node_modules\@angular\cli\bin;;C:\Users\a_dineshsankar\Downloads\sts-4.19.0.RELEASE;
USERNAME=a_dineshsankar
OS=Windows_NT
PROCESSOR_IDENTIFIER=AMD64 Family 23 Model 24 Stepping 1, AuthenticAMD
TMP=C:\Users\A_DINE~1\AppData\Local\Temp
TEMP=C:\Users\A_DINE~1\AppData\Local\Temp



---------------  S Y S T E M  ---------------

OS:
 Windows 10 , 64 bit Build 19041 (10.0.19041.3636)
OS uptime: 3 days 6:32 hours

CPU: total 4 (initial active 4) (4 cores per cpu, 1 threads per core) family 23 model 24 stepping 1 microcode 0x0, cx8, cmov, fxsr, mmx, 3dnowpref, sse, sse2, sse3, ssse3, sse4a, sse4.1, sse4.2, popcnt, lzcnt, tsc, tscinvbit, avx, avx2, aes, clmul, bmi1, bmi2, adx, sha, fma, vzeroupper, clflush, clflushopt

Memory: 4k page, system-wide physical 6057M (215M free)
TotalPageFile size 18173M (AvailPageFile size 39M)
current process WorkingSet (physical memory assigned to process): 11M, peak: 11M
current process commit charge ("private bytes"): 52M, peak: 148M

vm_info: OpenJDK 64-Bit Server VM (17.0.7+7) for windows-amd64 JRE (17.0.7+7), built on Apr 18 2023 22:10:42 by "temurin" with MS VC++ 16.7 (VS2019)

END.
